<?xml version="1.0" encoding="utf-8"?><testsuites><testsuite errors="0" failures="1" hostname="naysinger-Avell-G1513-BS-MUV-A52-BS-MUV" name="pytest" skipped="0" tests="5" time="0.840" timestamp="2020-05-06T22:35:52.385609"><testcase classname="test_submit" file="test_submit.py" line="3" name="test_q1" time="0.003"><failure message="assert (0.3096378799715893, -0.010379903171511273, -0.315676448541339) == (0.31, -0.01, -0.316)
  At index 0 diff: 0.3096378799715893 != 0.31
  Full diff:
  - (0.31, -0.01, -0.316)
  + (0.3096378799715893, -0.010379903171511273, -0.315676448541339)">At index 0 diff: 0.3096378799715893 != 0.31
      Full diff:
      - (0.31, -0.01, -0.316)
      + (0.3096378799715893, -0.010379903171511273, -0.315676448541339)
E   assert (0.3096378799715893, -0.010379903171511273, -0.315676448541339) == (0.31, -0.01, -0.316)</failure></testcase><testcase classname="test_submit" file="test_submit.py" line="9" name="test_q2" time="0.002"></testcase><testcase classname="test_submit" file="test_submit.py" line="15" name="test_q3" time="0.001"></testcase><testcase classname="test_submit" file="test_submit.py" line="21" name="test_q4" time="0.004"></testcase><testcase classname="test_submit" file="test_submit.py" line="27" name="test_q5" time="0.004"></testcase></testsuite></testsuites>